This file contains any messages produced by compilers while
running configure, to aid debugging if configure makes a mistake.

It was created by configure, which was
generated by GNU Autoconf 2.59.  Invocation command line was

  $ ./configure --build=i386-pc-linux

## --------- ##
## Platform. ##
## --------- ##

hostname = KangTaesung
uname -m = x86_64
uname -r = 2.6.0(0.304/5/3)
uname -s = CYGWIN_NT-10.0
uname -v = 2016-08-31 14:32

/usr/bin/uname -p = unknown
/bin/uname -X     = unknown

/bin/arch              = x86_64
/usr/bin/arch -k       = unknown
/usr/convex/getsysinfo = unknown
hostinfo               = unknown
/bin/machine           = unknown
/usr/bin/oslevel       = unknown
/bin/universe          = unknown

PATH: /usr/local/bin
PATH: /usr/bin
PATH: /cygdrive/c/Program Files (x86)/Lenovo/FusionEngine
PATH: /cygdrive/c/WINDOWS/system32
PATH: /cygdrive/c/WINDOWS
PATH: /cygdrive/c/WINDOWS/System32/Wbem
PATH: /cygdrive/c/WINDOWS/System32/WindowsPowerShell/v1.0
PATH: /cygdrive/c/Program Files (x86)/ATI Technologies/ATI.ACE/Core-Static
PATH: /cygdrive/c/Program Files (x86)/Common Files/lenovo/easyplussdk/bin
PATH: /cygdrive/c/Program Files (x86)/Windows Kits/8.1/Windows Performance Toolkit
PATH: /cygdrive/c/Program Files/Microsoft SQL Server/110/Tools/Binn
PATH: /cygdrive/c/Program Files (x86)/Microsoft SDKs/TypeScript/1.0
PATH: /cygdrive/c/Program Files/MATLAB/R2010a/runtime/win64
PATH: /cygdrive/c/Program Files/MATLAB/R2010a/bin
PATH: /cygdrive/c/OrCAD/OrCAD_16.5_Lite/OpenAccess/bin/win32/opt
PATH: /cygdrive/c/OrCAD/OrCAD_16.5_Lite/tools/pcb/bin
PATH: /cygdrive/c/OrCAD/OrCAD_16.5_Lite/tools/fet/bin
PATH: /cygdrive/c/OrCAD/OrCAD_16.5_Lite/tools/Capture
PATH: /cygdrive/c/OrCAD/OrCAD_16.5_Lite/tools/PSpice/Library
PATH: /cygdrive/c/OrCAD/OrCAD_16.5_Lite/tools/PSpice
PATH: /cygdrive/c/OrCAD/OrCAD_16.5_Lite/tools/specctra/bin
PATH: /cygdrive/c/OrCAD/OrCAD_16.5_Lite/tools/bin
PATH: /cygdrive/c/OrCAD/OrCAD_16.5_Lite/tools/libutil/bin
PATH: /cygdrive/c/Program Files/LAMMPS 64-bit 20160512/bin
PATH: /cygdrive/c/Program Files/MPICH2/bin
PATH: /cygdrive/c/Program Files/LAMMPS 64-bit 20160520/bin
PATH: /cygdrive/c/Users/taeseong/LAMMPS 64-bit 20160520/bin
PATH: /cygdrive/c/Users/taeseong/AppData/Local/Microsoft/WindowsApps
PATH: /usr/lib/lapack


## ----------- ##
## Core tests. ##
## ----------- ##

configure:1536: checking for a BSD-compatible install
configure:1591: result: /usr/bin/install -c
configure:1602: checking whether build environment is sane
configure:1645: result: yes
configure:1702: checking for gawk
configure:1718: found /usr/bin/gawk
configure:1728: result: gawk
configure:1738: checking whether make sets $(MAKE)
configure:1758: result: yes
configure:2002: checking build system type
configure:2020: result: i386-pc-linux-gnu
configure:2028: checking host system type
configure:2042: result: i386-pc-linux-gnu
configure:2062: checking for style of include used by make
configure:2090: result: GNU
configure:2161: checking for gcc
configure:2177: found /usr/bin/gcc
configure:2187: result: gcc
configure:2431: checking for C compiler version
configure:2434: gcc --version </dev/null >&5
gcc (GCC) 5.4.0
Copyright (C) 2015 Free Software Foundation, Inc.
This is free software; see the source for copying conditions.  There is NO
warranty; not even for MERCHANTABILITY or FITNESS FOR A PARTICULAR PURPOSE.

configure:2437: $? = 0
configure:2439: gcc -v </dev/null >&5
Using built-in specs.
COLLECT_GCC=gcc
COLLECT_LTO_WRAPPER=/usr/lib/gcc/x86_64-pc-cygwin/5.4.0/lto-wrapper.exe
Target: x86_64-pc-cygwin
Configured with: /cygdrive/i/szsz/tmpp/gcc/gcc-5.4.0-1.x86_64/src/gcc-5.4.0/configure --srcdir=/cygdrive/i/szsz/tmpp/gcc/gcc-5.4.0-1.x86_64/src/gcc-5.4.0 --prefix=/usr --exec-prefix=/usr --localstatedir=/var --sysconfdir=/etc --docdir=/usr/share/doc/gcc --htmldir=/usr/share/doc/gcc/html -C --build=x86_64-pc-cygwin --host=x86_64-pc-cygwin --target=x86_64-pc-cygwin --without-libiconv-prefix --without-libintl-prefix --libexecdir=/usr/lib --enable-shared --enable-shared-libgcc --enable-static --enable-version-specific-runtime-libs --enable-bootstrap --enable-__cxa_atexit --with-dwarf2 --with-tune=generic --enable-languages=ada,c,c++,fortran,lto,objc,obj-c++ --enable-graphite --enable-threads=posix --enable-libatomic --enable-libcilkrts --enable-libgomp --enable-libitm --enable-libquadmath --enable-libquadmath-support --enable-libssp --enable-libada --enable-libgcj-sublibs --disable-java-awt --disable-symvers --with-ecj-jar=/usr/share/java/ecj.jar --with-gnu-ld --with-gnu-as --with-cloog-include=/usr/include/cloog-isl --without-libiconv-prefix --without-libintl-prefix --with-system-zlib --enable-linker-build-id --with-default-libstdcxx-abi=gcc4-compatible
Thread model: posix
gcc version 5.4.0 (GCC) 
configure:2442: $? = 0
configure:2444: gcc -V </dev/null >&5
gcc: error: unrecognized command line option '-V'
gcc: fatal error: no input files
compilation terminated.
configure:2447: $? = 1
configure:2470: checking for C compiler default output file name
configure:2473: gcc    conftest.c  >&5
configure:2476: $? = 0
configure:2522: result: a.exe
configure:2527: checking whether the C compiler works
configure:2533: ./a.exe
configure:2536: $? = 0
configure:2553: result: yes
configure:2560: checking whether we are cross compiling
configure:2562: result: no
configure:2565: checking for suffix of executables
configure:2567: gcc -o conftest.exe    conftest.c  >&5
configure:2570: $? = 0
configure:2595: result: .exe
configure:2601: checking for suffix of object files
configure:2622: gcc -c   conftest.c >&5
configure:2625: $? = 0
configure:2647: result: o
configure:2651: checking whether we are using the GNU C compiler
configure:2675: gcc -c   conftest.c >&5
configure:2681: $? = 0
configure:2685: test -z 
			 || test ! -s conftest.err
configure:2688: $? = 0
configure:2691: test -s conftest.o
configure:2694: $? = 0
configure:2707: result: yes
configure:2713: checking whether gcc accepts -g
configure:2734: gcc -c -g  conftest.c >&5
configure:2740: $? = 0
configure:2744: test -z 
			 || test ! -s conftest.err
configure:2747: $? = 0
configure:2750: test -s conftest.o
configure:2753: $? = 0
configure:2764: result: yes
configure:2781: checking for gcc option to accept ANSI C
configure:2851: gcc  -c -g -O2  conftest.c >&5
configure:2857: $? = 0
configure:2861: test -z 
			 || test ! -s conftest.err
configure:2864: $? = 0
configure:2867: test -s conftest.o
configure:2870: $? = 0
configure:2888: result: none needed
configure:2906: gcc -c -g -O2  conftest.c >&5
conftest.c:2:3: error: unknown type name 'choke'
   choke me
   ^
conftest.c:2:3: error: expected '=', ',', ';', 'asm' or '__attribute__' at end of input
configure:2912: $? = 1
configure: failed program was:
| #ifndef __cplusplus
|   choke me
| #endif
configure:3047: checking dependency style of gcc
configure:3132: result: gcc3
configure:3149: checking for a sed that does not truncate output
configure:3203: result: /usr/bin/sed
configure:3206: checking for egrep
configure:3216: result: grep -E
configure:3232: checking for ld used by gcc
configure:3299: result: /usr/bin/ld
configure:3308: checking if the linker (/usr/bin/ld) is GNU ld
configure:3323: result: yes
configure:3328: checking for /usr/bin/ld option to reload object files
configure:3335: result: -r
configure:3344: checking for BSD-compatible nm
configure:3386: result: /usr/bin/nm -B
configure:3390: checking whether ln -s works
configure:3394: result: yes
configure:3401: checking how to recognise dependent libraries
configure:3584: result: pass_all
configure:3798: checking how to run the C preprocessor
configure:3833: gcc -E  conftest.c
configure:3839: $? = 0
configure:3871: gcc -E  conftest.c
conftest.c:11:28: fatal error: ac_nonexistent.h: No such file or directory
compilation terminated.
configure:3877: $? = 1
configure: failed program was:
| /* confdefs.h.  */
| 
| #define PACKAGE_NAME ""
| #define PACKAGE_TARNAME ""
| #define PACKAGE_VERSION ""
| #define PACKAGE_STRING ""
| #define PACKAGE_BUGREPORT ""
| #define PACKAGE "tricubic"
| #define VERSION "1.0"
| /* end confdefs.h.  */
| #include <ac_nonexistent.h>
configure:3916: result: gcc -E
configure:3940: gcc -E  conftest.c
configure:3946: $? = 0
configure:3978: gcc -E  conftest.c
conftest.c:11:28: fatal error: ac_nonexistent.h: No such file or directory
compilation terminated.
configure:3984: $? = 1
configure: failed program was:
| /* confdefs.h.  */
| 
| #define PACKAGE_NAME ""
| #define PACKAGE_TARNAME ""
| #define PACKAGE_VERSION ""
| #define PACKAGE_STRING ""
| #define PACKAGE_BUGREPORT ""
| #define PACKAGE "tricubic"
| #define VERSION "1.0"
| /* end confdefs.h.  */
| #include <ac_nonexistent.h>
configure:4028: checking for ANSI C header files
configure:4053: gcc -c -g -O2  conftest.c >&5
configure:4059: $? = 0
configure:4063: test -z 
			 || test ! -s conftest.err
configure:4066: $? = 0
configure:4069: test -s conftest.o
configure:4072: $? = 0
configure:4161: gcc -o conftest.exe -g -O2   conftest.c  >&5
conftest.c: In function 'main':
conftest.c:28:7: warning: implicit declaration of function 'exit' [-Wimplicit-function-declaration]
       exit(2);
       ^
conftest.c:28:7: warning: incompatible implicit declaration of built-in function 'exit'
conftest.c:28:7: note: include '<stdlib.h>' or provide a declaration of 'exit'
conftest.c:29:3: warning: incompatible implicit declaration of built-in function 'exit'
   exit (0);
   ^
conftest.c:29:3: note: include '<stdlib.h>' or provide a declaration of 'exit'
configure:4164: $? = 0
configure:4166: ./conftest.exe
configure:4169: $? = 0
configure:4184: result: yes
configure:4208: checking for sys/types.h
configure:4224: gcc -c -g -O2  conftest.c >&5
configure:4230: $? = 0
configure:4234: test -z 
			 || test ! -s conftest.err
configure:4237: $? = 0
configure:4240: test -s conftest.o
configure:4243: $? = 0
configure:4254: result: yes
configure:4208: checking for sys/stat.h
configure:4224: gcc -c -g -O2  conftest.c >&5
configure:4230: $? = 0
configure:4234: test -z 
			 || test ! -s conftest.err
configure:4237: $? = 0
configure:4240: test -s conftest.o
configure:4243: $? = 0
configure:4254: result: yes
configure:4208: checking for stdlib.h
configure:4224: gcc -c -g -O2  conftest.c >&5
configure:4230: $? = 0
configure:4234: test -z 
			 || test ! -s conftest.err
configure:4237: $? = 0
configure:4240: test -s conftest.o
configure:4243: $? = 0
configure:4254: result: yes
configure:4208: checking for string.h
configure:4224: gcc -c -g -O2  conftest.c >&5
configure:4230: $? = 0
configure:4234: test -z 
			 || test ! -s conftest.err
configure:4237: $? = 0
configure:4240: test -s conftest.o
configure:4243: $? = 0
configure:4254: result: yes
configure:4208: checking for memory.h
configure:4224: gcc -c -g -O2  conftest.c >&5
configure:4230: $? = 0
configure:4234: test -z 
			 || test ! -s conftest.err
configure:4237: $? = 0
configure:4240: test -s conftest.o
configure:4243: $? = 0
configure:4254: result: yes
configure:4208: checking for strings.h
configure:4224: gcc -c -g -O2  conftest.c >&5
configure:4230: $? = 0
configure:4234: test -z 
			 || test ! -s conftest.err
configure:4237: $? = 0
configure:4240: test -s conftest.o
configure:4243: $? = 0
configure:4254: result: yes
configure:4208: checking for inttypes.h
configure:4224: gcc -c -g -O2  conftest.c >&5
configure:4230: $? = 0
configure:4234: test -z 
			 || test ! -s conftest.err
configure:4237: $? = 0
configure:4240: test -s conftest.o
configure:4243: $? = 0
configure:4254: result: yes
configure:4208: checking for stdint.h
configure:4224: gcc -c -g -O2  conftest.c >&5
configure:4230: $? = 0
configure:4234: test -z 
			 || test ! -s conftest.err
configure:4237: $? = 0
configure:4240: test -s conftest.o
configure:4243: $? = 0
configure:4254: result: yes
configure:4208: checking for unistd.h
configure:4224: gcc -c -g -O2  conftest.c >&5
configure:4230: $? = 0
configure:4234: test -z 
			 || test ! -s conftest.err
configure:4237: $? = 0
configure:4240: test -s conftest.o
configure:4243: $? = 0
configure:4254: result: yes
configure:4280: checking dlfcn.h usability
configure:4292: gcc -c -g -O2  conftest.c >&5
configure:4298: $? = 0
configure:4302: test -z 
			 || test ! -s conftest.err
configure:4305: $? = 0
configure:4308: test -s conftest.o
configure:4311: $? = 0
configure:4321: result: yes
configure:4325: checking dlfcn.h presence
configure:4335: gcc -E  conftest.c
configure:4341: $? = 0
configure:4361: result: yes
configure:4396: checking for dlfcn.h
configure:4403: result: yes
configure:4468: checking for g++
configure:4484: found /usr/bin/g++
configure:4494: result: g++
configure:4510: checking for C++ compiler version
configure:4513: g++ --version </dev/null >&5
g++ (GCC) 5.4.0
Copyright (C) 2015 Free Software Foundation, Inc.
This is free software; see the source for copying conditions.  There is NO
warranty; not even for MERCHANTABILITY or FITNESS FOR A PARTICULAR PURPOSE.

configure:4516: $? = 0
configure:4518: g++ -v </dev/null >&5
Using built-in specs.
COLLECT_GCC=g++
COLLECT_LTO_WRAPPER=/usr/lib/gcc/x86_64-pc-cygwin/5.4.0/lto-wrapper.exe
Target: x86_64-pc-cygwin
Configured with: /cygdrive/i/szsz/tmpp/gcc/gcc-5.4.0-1.x86_64/src/gcc-5.4.0/configure --srcdir=/cygdrive/i/szsz/tmpp/gcc/gcc-5.4.0-1.x86_64/src/gcc-5.4.0 --prefix=/usr --exec-prefix=/usr --localstatedir=/var --sysconfdir=/etc --docdir=/usr/share/doc/gcc --htmldir=/usr/share/doc/gcc/html -C --build=x86_64-pc-cygwin --host=x86_64-pc-cygwin --target=x86_64-pc-cygwin --without-libiconv-prefix --without-libintl-prefix --libexecdir=/usr/lib --enable-shared --enable-shared-libgcc --enable-static --enable-version-specific-runtime-libs --enable-bootstrap --enable-__cxa_atexit --with-dwarf2 --with-tune=generic --enable-languages=ada,c,c++,fortran,lto,objc,obj-c++ --enable-graphite --enable-threads=posix --enable-libatomic --enable-libcilkrts --enable-libgomp --enable-libitm --enable-libquadmath --enable-libquadmath-support --enable-libssp --enable-libada --enable-libgcj-sublibs --disable-java-awt --disable-symvers --with-ecj-jar=/usr/share/java/ecj.jar --with-gnu-ld --with-gnu-as --with-cloog-include=/usr/include/cloog-isl --without-libiconv-prefix --without-libintl-prefix --with-system-zlib --enable-linker-build-id --with-default-libstdcxx-abi=gcc4-compatible
Thread model: posix
gcc version 5.4.0 (GCC) 
configure:4521: $? = 0
configure:4523: g++ -V </dev/null >&5
g++: error: unrecognized command line option '-V'
g++: fatal error: no input files
compilation terminated.
configure:4526: $? = 1
configure:4529: checking whether we are using the GNU C++ compiler
configure:4553: g++ -c   conftest.cc >&5
configure:4559: $? = 0
configure:4563: test -z 
			 || test ! -s conftest.err
configure:4566: $? = 0
configure:4569: test -s conftest.o
configure:4572: $? = 0
configure:4585: result: yes
configure:4591: checking whether g++ accepts -g
configure:4612: g++ -c -g  conftest.cc >&5
configure:4618: $? = 0
configure:4622: test -z 
			 || test ! -s conftest.err
configure:4625: $? = 0
configure:4628: test -s conftest.o
configure:4631: $? = 0
configure:4642: result: yes
configure:4684: g++ -c -g -O2  conftest.cc >&5
configure:4690: $? = 0
configure:4694: test -z 
			 || test ! -s conftest.err
configure:4697: $? = 0
configure:4700: test -s conftest.o
configure:4703: $? = 0
configure:4729: g++ -c -g -O2  conftest.cc >&5
conftest.cc: In function 'int main()':
conftest.cc:26:9: error: 'exit' was not declared in this scope
 exit (42);
         ^
configure:4735: $? = 1
configure: failed program was:
| /* confdefs.h.  */
| 
| #define PACKAGE_NAME ""
| #define PACKAGE_TARNAME ""
| #define PACKAGE_VERSION ""
| #define PACKAGE_STRING ""
| #define PACKAGE_BUGREPORT ""
| #define PACKAGE "tricubic"
| #define VERSION "1.0"
| #define STDC_HEADERS 1
| #define HAVE_SYS_TYPES_H 1
| #define HAVE_SYS_STAT_H 1
| #define HAVE_STDLIB_H 1
| #define HAVE_STRING_H 1
| #define HAVE_MEMORY_H 1
| #define HAVE_STRINGS_H 1
| #define HAVE_INTTYPES_H 1
| #define HAVE_STDINT_H 1
| #define HAVE_UNISTD_H 1
| #define HAVE_DLFCN_H 1
| /* end confdefs.h.  */
| 
| int
| main ()
| {
| exit (42);
|   ;
|   return 0;
| }
configure:4684: g++ -c -g -O2  conftest.cc >&5
conftest.cc:22:40: error: 'void std::exit(int)' should have been declared inside 'std'
 extern "C" void std::exit (int) throw (); using std::exit;
                                        ^
In file included from /usr/include/stdlib.h:11:0,
                 from conftest.cc:23:
/usr/include/stdlib.h:92:34: error: declaration of 'void std::exit(int)' has a different exception specifier
 _VOID _EXFUN(exit,(int __status) _ATTRIBUTE ((__noreturn__)));
                                  ^
conftest.cc:22:17: error: from previous declaration 'void std::exit(int) throw ()'
 extern "C" void std::exit (int) throw (); using std::exit;
                 ^
configure:4690: $? = 1
configure: failed program was:
| /* confdefs.h.  */
| 
| #define PACKAGE_NAME ""
| #define PACKAGE_TARNAME ""
| #define PACKAGE_VERSION ""
| #define PACKAGE_STRING ""
| #define PACKAGE_BUGREPORT ""
| #define PACKAGE "tricubic"
| #define VERSION "1.0"
| #define STDC_HEADERS 1
| #define HAVE_SYS_TYPES_H 1
| #define HAVE_SYS_STAT_H 1
| #define HAVE_STDLIB_H 1
| #define HAVE_STRING_H 1
| #define HAVE_MEMORY_H 1
| #define HAVE_STRINGS_H 1
| #define HAVE_INTTYPES_H 1
| #define HAVE_STDINT_H 1
| #define HAVE_UNISTD_H 1
| #define HAVE_DLFCN_H 1
| /* end confdefs.h.  */
| extern "C" void std::exit (int) throw (); using std::exit;
| #include <stdlib.h>
| int
| main ()
| {
| exit (42);
|   ;
|   return 0;
| }
configure:4684: g++ -c -g -O2  conftest.cc >&5
conftest.cc:22:31: error: 'void std::exit(int)' should have been declared inside 'std'
 extern "C" void std::exit (int); using std::exit;
                               ^
configure:4690: $? = 1
configure: failed program was:
| /* confdefs.h.  */
| 
| #define PACKAGE_NAME ""
| #define PACKAGE_TARNAME ""
| #define PACKAGE_VERSION ""
| #define PACKAGE_STRING ""
| #define PACKAGE_BUGREPORT ""
| #define PACKAGE "tricubic"
| #define VERSION "1.0"
| #define STDC_HEADERS 1
| #define HAVE_SYS_TYPES_H 1
| #define HAVE_SYS_STAT_H 1
| #define HAVE_STDLIB_H 1
| #define HAVE_STRING_H 1
| #define HAVE_MEMORY_H 1
| #define HAVE_STRINGS_H 1
| #define HAVE_INTTYPES_H 1
| #define HAVE_STDINT_H 1
| #define HAVE_UNISTD_H 1
| #define HAVE_DLFCN_H 1
| /* end confdefs.h.  */
| extern "C" void std::exit (int); using std::exit;
| #include <stdlib.h>
| int
| main ()
| {
| exit (42);
|   ;
|   return 0;
| }
configure:4684: g++ -c -g -O2  conftest.cc >&5
In file included from /usr/include/stdlib.h:11:0,
                 from conftest.cc:23:
/usr/include/stdlib.h:92:34: error: declaration of 'void exit(int)' has a different exception specifier
 _VOID _EXFUN(exit,(int __status) _ATTRIBUTE ((__noreturn__)));
                                  ^
conftest.cc:22:17: error: from previous declaration 'void exit(int) throw ()'
 extern "C" void exit (int) throw ();
                 ^
configure:4690: $? = 1
configure: failed program was:
| /* confdefs.h.  */
| 
| #define PACKAGE_NAME ""
| #define PACKAGE_TARNAME ""
| #define PACKAGE_VERSION ""
| #define PACKAGE_STRING ""
| #define PACKAGE_BUGREPORT ""
| #define PACKAGE "tricubic"
| #define VERSION "1.0"
| #define STDC_HEADERS 1
| #define HAVE_SYS_TYPES_H 1
| #define HAVE_SYS_STAT_H 1
| #define HAVE_STDLIB_H 1
| #define HAVE_STRING_H 1
| #define HAVE_MEMORY_H 1
| #define HAVE_STRINGS_H 1
| #define HAVE_INTTYPES_H 1
| #define HAVE_STDINT_H 1
| #define HAVE_UNISTD_H 1
| #define HAVE_DLFCN_H 1
| /* end confdefs.h.  */
| extern "C" void exit (int) throw ();
| #include <stdlib.h>
| int
| main ()
| {
| exit (42);
|   ;
|   return 0;
| }
configure:4684: g++ -c -g -O2  conftest.cc >&5
configure:4690: $? = 0
configure:4694: test -z 
			 || test ! -s conftest.err
configure:4697: $? = 0
configure:4700: test -s conftest.o
configure:4703: $? = 0
configure:4729: g++ -c -g -O2  conftest.cc >&5
configure:4735: $? = 0
configure:4739: test -z 
			 || test ! -s conftest.err
configure:4742: $? = 0
configure:4745: test -s conftest.o
configure:4748: $? = 0
configure:4773: checking dependency style of g++
configure:4858: result: gcc3
configure:4880: checking how to run the C++ preprocessor
configure:4911: g++ -E  conftest.cc
configure:4917: $? = 0
configure:4949: g++ -E  conftest.cc
conftest.cc:25:28: fatal error: ac_nonexistent.h: No such file or directory
compilation terminated.
configure:4955: $? = 1
configure: failed program was:
| /* confdefs.h.  */
| 
| #define PACKAGE_NAME ""
| #define PACKAGE_TARNAME ""
| #define PACKAGE_VERSION ""
| #define PACKAGE_STRING ""
| #define PACKAGE_BUGREPORT ""
| #define PACKAGE "tricubic"
| #define VERSION "1.0"
| #define STDC_HEADERS 1
| #define HAVE_SYS_TYPES_H 1
| #define HAVE_SYS_STAT_H 1
| #define HAVE_STDLIB_H 1
| #define HAVE_STRING_H 1
| #define HAVE_MEMORY_H 1
| #define HAVE_STRINGS_H 1
| #define HAVE_INTTYPES_H 1
| #define HAVE_STDINT_H 1
| #define HAVE_UNISTD_H 1
| #define HAVE_DLFCN_H 1
| #ifdef __cplusplus
| extern "C" void exit (int);
| #endif
| /* end confdefs.h.  */
| #include <ac_nonexistent.h>
configure:4994: result: g++ -E
configure:5018: g++ -E  conftest.cc
configure:5024: $? = 0
configure:5056: g++ -E  conftest.cc
conftest.cc:25:28: fatal error: ac_nonexistent.h: No such file or directory
compilation terminated.
configure:5062: $? = 1
configure: failed program was:
| /* confdefs.h.  */
| 
| #define PACKAGE_NAME ""
| #define PACKAGE_TARNAME ""
| #define PACKAGE_VERSION ""
| #define PACKAGE_STRING ""
| #define PACKAGE_BUGREPORT ""
| #define PACKAGE "tricubic"
| #define VERSION "1.0"
| #define STDC_HEADERS 1
| #define HAVE_SYS_TYPES_H 1
| #define HAVE_SYS_STAT_H 1
| #define HAVE_STDLIB_H 1
| #define HAVE_STRING_H 1
| #define HAVE_MEMORY_H 1
| #define HAVE_STRINGS_H 1
| #define HAVE_INTTYPES_H 1
| #define HAVE_STDINT_H 1
| #define HAVE_UNISTD_H 1
| #define HAVE_DLFCN_H 1
| #ifdef __cplusplus
| extern "C" void exit (int);
| #endif
| /* end confdefs.h.  */
| #include <ac_nonexistent.h>
configure:5157: checking for g77
configure:5186: result: no
configure:5157: checking for f77
configure:5186: result: no
configure:5157: checking for xlf
configure:5186: result: no
configure:5157: checking for frt
configure:5186: result: no
configure:5157: checking for pgf77
configure:5186: result: no
configure:5157: checking for fort77
configure:5186: result: no
configure:5157: checking for fl32
configure:5186: result: no
configure:5157: checking for af77
configure:5186: result: no
configure:5157: checking for f90
configure:5186: result: no
configure:5157: checking for xlf90
configure:5186: result: no
configure:5157: checking for pgf90
configure:5186: result: no
configure:5157: checking for epcf90
configure:5186: result: no
configure:5157: checking for f95
configure:5173: found /usr/bin/f95
configure:5183: result: f95
configure:5198: checking for Fortran 77 compiler version
configure:5201: f95 --version </dev/null >&5
GNU Fortran (GCC) 5.4.0
Copyright (C) 2015 Free Software Foundation, Inc.

GNU Fortran comes with NO WARRANTY, to the extent permitted by law.
You may redistribute copies of GNU Fortran
under the terms of the GNU General Public License.
For more information about these matters, see the file named COPYING

configure:5204: $? = 0
configure:5206: f95 -v </dev/null >&5
Using built-in specs.
COLLECT_GCC=f95
COLLECT_LTO_WRAPPER=/usr/lib/gcc/x86_64-pc-cygwin/5.4.0/lto-wrapper.exe
Target: x86_64-pc-cygwin
Configured with: /cygdrive/i/szsz/tmpp/gcc/gcc-5.4.0-1.x86_64/src/gcc-5.4.0/configure --srcdir=/cygdrive/i/szsz/tmpp/gcc/gcc-5.4.0-1.x86_64/src/gcc-5.4.0 --prefix=/usr --exec-prefix=/usr --localstatedir=/var --sysconfdir=/etc --docdir=/usr/share/doc/gcc --htmldir=/usr/share/doc/gcc/html -C --build=x86_64-pc-cygwin --host=x86_64-pc-cygwin --target=x86_64-pc-cygwin --without-libiconv-prefix --without-libintl-prefix --libexecdir=/usr/lib --enable-shared --enable-shared-libgcc --enable-static --enable-version-specific-runtime-libs --enable-bootstrap --enable-__cxa_atexit --with-dwarf2 --with-tune=generic --enable-languages=ada,c,c++,fortran,lto,objc,obj-c++ --enable-graphite --enable-threads=posix --enable-libatomic --enable-libcilkrts --enable-libgomp --enable-libitm --enable-libquadmath --enable-libquadmath-support --enable-libssp --enable-libada --enable-libgcj-sublibs --disable-java-awt --disable-symvers --with-ecj-jar=/usr/share/java/ecj.jar --with-gnu-ld --with-gnu-as --with-cloog-include=/usr/include/cloog-isl --without-libiconv-prefix --without-libintl-prefix --with-system-zlib --enable-linker-build-id --with-default-libstdcxx-abi=gcc4-compatible
Thread model: posix
gcc version 5.4.0 (GCC) 
configure:5209: $? = 0
configure:5211: f95 -V </dev/null >&5
f95: error: unrecognized command line option '-V'
f95: fatal error: no input files
compilation terminated.
configure:5214: $? = 1
configure:5222: checking whether we are using the GNU Fortran 77 compiler
configure:5236: f95 -c  conftest.F >&5
configure:5242: $? = 0
configure:5246: test -z 
			 || test ! -s conftest.err
configure:5249: $? = 0
configure:5252: test -s conftest.o
configure:5255: $? = 0
configure:5268: result: yes
configure:5274: checking whether f95 accepts -g
configure:5286: f95 -c -g conftest.f >&5
configure:5292: $? = 0
configure:5296: test -z 
			 || test ! -s conftest.err
configure:5299: $? = 0
configure:5302: test -s conftest.o
configure:5305: $? = 0
configure:5317: result: yes
configure:5347: checking the maximum length of command line arguments
configure:5412: result: 262144
configure:5423: checking command to parse /usr/bin/nm -B output from gcc object
configure:5512: gcc -c -g -O2  conftest.c >&5
configure:5515: $? = 0
configure:5519: /usr/bin/nm -B conftest.o \| sed -n -e 's/^.*[ 	]\([ABCDGIRSTW][ABCDGIRSTW]*\)[ 	][ 	]*\(\)\([_A-Za-z][_A-Za-z0-9]*\)$/\1 \2\3 \3/p' \> conftest.nm
configure:5522: $? = 0
configure:5574: gcc -o conftest.exe -g -O2   conftest.c conftstm.o >&5
configure:5577: $? = 0
configure:5615: result: ok
configure:5619: checking for objdir
configure:5634: result: .libs
configure:5724: checking for ar
configure:5740: found /usr/bin/ar
configure:5751: result: ar
configure:5804: checking for ranlib
configure:5820: found /usr/bin/ranlib
configure:5831: result: ranlib
configure:5884: checking for strip
configure:5900: found /usr/bin/strip
configure:5911: result: strip
configure:6173: checking if gcc static flag  works
configure:6196: result: yes
configure:6214: checking if gcc supports -fno-rtti -fno-exceptions
configure:6232: gcc -c -g -O2  -fno-rtti -fno-exceptions conftest.c >&5
cc1: warning: command line option '-fno-rtti' is valid for C++/ObjC++ but not for C
configure:6236: $? = 0
configure:6247: result: no
configure:6262: checking for gcc option to produce PIC
configure:6439: result: -fPIC
configure:6447: checking if gcc PIC flag -fPIC works
configure:6465: gcc -c -g -O2  -fPIC -DPIC conftest.c >&5
conftest.c:1:0: warning: -fPIC ignored for target (all code is position independent)
 int some_variable = 0;
 ^
configure:6469: $? = 0
configure:6480: result: no
configure:6504: checking if gcc supports -c -o file.o
configure:6525: gcc -c -g -O2  -o out/conftest2.o conftest.c >&5
configure:6529: $? = 0
configure:6549: result: yes
configure:6575: checking whether the gcc linker (/usr/bin/ld) supports shared libraries
configure:7423: result: yes
configure:7449: checking whether -lc should be explicitly linked in
configure:7454: gcc -c -g -O2  conftest.c >&5
configure:7457: $? = 0
configure:7471: gcc -shared conftest.o  -v -Wl,-soname -Wl,conftest -o conftest 2\>\&1 \| grep  -lc  \>/dev/null 2\>\&1
configure:7474: $? = 1
configure:7486: result: yes
configure:7494: checking dynamic linker characteristics
configure:8055: result: GNU/Linux ld.so
configure:8059: checking how to hardcode library paths into programs
configure:8084: result: immediate
configure:8098: checking whether stripping libraries is possible
configure:8103: result: yes
configure:8933: checking if libtool supports shared libraries
configure:8935: result: yes
configure:8938: checking whether to build shared libraries
configure:8996: result: yes
configure:8999: checking whether to build static libraries
configure:9003: result: yes
configure:9095: creating libtool
configure:9642: checking for ld used by g++
configure:9709: result: /usr/bin/ld
configure:9718: checking if the linker (/usr/bin/ld) is GNU ld
configure:9733: result: yes
configure:9784: checking whether the g++ linker (/usr/bin/ld) supports shared libraries
configure:10612: result: yes
configure:10630: g++ -c -g -O2  conftest.cc >&5
configure:10633: $? = 0
configure:10729: checking for g++ option to produce PIC
configure:10981: result: -fPIC
configure:10989: checking if g++ PIC flag -fPIC works
configure:11007: g++ -c -g -O2  -fPIC -DPIC conftest.cc >&5
conftest.cc:1:0: warning: -fPIC ignored for target (all code is position independent)
 int some_variable = 0;
 ^
configure:11011: $? = 0
configure:11022: result: no
configure:11046: checking if g++ supports -c -o file.o
configure:11067: g++ -c -g -O2  -o out/conftest2.o conftest.cc >&5
configure:11071: $? = 0
configure:11091: result: yes
configure:11117: checking whether the g++ linker (/usr/bin/ld) supports shared libraries
configure:11142: result: yes
configure:11213: checking dynamic linker characteristics
configure:11774: result: GNU/Linux ld.so
configure:11778: checking how to hardcode library paths into programs
configure:11803: result: immediate
configure:11817: checking whether stripping libraries is possible
configure:11822: result: yes
configure:13129: checking if libtool supports shared libraries
configure:13131: result: yes
configure:13134: checking whether to build shared libraries
configure:13152: result: yes
configure:13155: checking whether to build static libraries
configure:13159: result: yes
configure:13171: checking for f95 option to produce PIC
configure:13348: result: -fPIC
configure:13356: checking if f95 PIC flag -fPIC works
configure:13374: f95 -c -g -O2 -fPIC conftest.f >&5
f951: Warning: -fPIC ignored for target (all code is position independent)
configure:13378: $? = 0
configure:13389: result: no
configure:13413: checking if f95 supports -c -o file.o
configure:13434: f95 -c -g -O2 -o out/conftest2.o conftest.f >&5
configure:13438: $? = 0
configure:13458: result: yes
configure:13484: checking whether the f95 linker (/usr/bin/ld) supports shared libraries
configure:14312: result: yes
configure:14383: checking dynamic linker characteristics
configure:14944: result: GNU/Linux ld.so
configure:14948: checking how to hardcode library paths into programs
configure:14973: result: immediate
configure:14987: checking whether stripping libraries is possible
configure:14992: result: yes
configure:19145: checking for gcc
configure:19171: result: gcc
configure:19415: checking for C compiler version
configure:19418: gcc --version </dev/null >&5
gcc (GCC) 5.4.0
Copyright (C) 2015 Free Software Foundation, Inc.
This is free software; see the source for copying conditions.  There is NO
warranty; not even for MERCHANTABILITY or FITNESS FOR A PARTICULAR PURPOSE.

configure:19421: $? = 0
configure:19423: gcc -v </dev/null >&5
Using built-in specs.
COLLECT_GCC=gcc
COLLECT_LTO_WRAPPER=/usr/lib/gcc/x86_64-pc-cygwin/5.4.0/lto-wrapper.exe
Target: x86_64-pc-cygwin
Configured with: /cygdrive/i/szsz/tmpp/gcc/gcc-5.4.0-1.x86_64/src/gcc-5.4.0/configure --srcdir=/cygdrive/i/szsz/tmpp/gcc/gcc-5.4.0-1.x86_64/src/gcc-5.4.0 --prefix=/usr --exec-prefix=/usr --localstatedir=/var --sysconfdir=/etc --docdir=/usr/share/doc/gcc --htmldir=/usr/share/doc/gcc/html -C --build=x86_64-pc-cygwin --host=x86_64-pc-cygwin --target=x86_64-pc-cygwin --without-libiconv-prefix --without-libintl-prefix --libexecdir=/usr/lib --enable-shared --enable-shared-libgcc --enable-static --enable-version-specific-runtime-libs --enable-bootstrap --enable-__cxa_atexit --with-dwarf2 --with-tune=generic --enable-languages=ada,c,c++,fortran,lto,objc,obj-c++ --enable-graphite --enable-threads=posix --enable-libatomic --enable-libcilkrts --enable-libgomp --enable-libitm --enable-libquadmath --enable-libquadmath-support --enable-libssp --enable-libada --enable-libgcj-sublibs --disable-java-awt --disable-symvers --with-ecj-jar=/usr/share/java/ecj.jar --with-gnu-ld --with-gnu-as --with-cloog-include=/usr/include/cloog-isl --without-libiconv-prefix --without-libintl-prefix --with-system-zlib --enable-linker-build-id --with-default-libstdcxx-abi=gcc4-compatible
Thread model: posix
gcc version 5.4.0 (GCC) 
configure:19426: $? = 0
configure:19428: gcc -V </dev/null >&5
gcc: error: unrecognized command line option '-V'
gcc: fatal error: no input files
compilation terminated.
configure:19431: $? = 1
configure:19434: checking whether we are using the GNU C compiler
configure:19490: result: yes
configure:19496: checking whether gcc accepts -g
configure:19547: result: yes
configure:19564: checking for gcc option to accept ANSI C
configure:19671: result: none needed
configure:19689: gcc -c -g -O2  conftest.c >&5
conftest.c:2:3: error: unknown type name 'choke'
   choke me
   ^
conftest.c:2:3: error: expected '=', ',', ';', 'asm' or '__attribute__' at end of input
configure:19695: $? = 1
configure: failed program was:
| #ifndef __cplusplus
|   choke me
| #endif
configure:19830: checking dependency style of gcc
configure:19915: result: gcc3
configure:20026: checking for C++ compiler version
configure:20029: g++ --version </dev/null >&5
g++ (GCC) 5.4.0
Copyright (C) 2015 Free Software Foundation, Inc.
This is free software; see the source for copying conditions.  There is NO
warranty; not even for MERCHANTABILITY or FITNESS FOR A PARTICULAR PURPOSE.

configure:20032: $? = 0
configure:20034: g++ -v </dev/null >&5
Using built-in specs.
COLLECT_GCC=g++
COLLECT_LTO_WRAPPER=/usr/lib/gcc/x86_64-pc-cygwin/5.4.0/lto-wrapper.exe
Target: x86_64-pc-cygwin
Configured with: /cygdrive/i/szsz/tmpp/gcc/gcc-5.4.0-1.x86_64/src/gcc-5.4.0/configure --srcdir=/cygdrive/i/szsz/tmpp/gcc/gcc-5.4.0-1.x86_64/src/gcc-5.4.0 --prefix=/usr --exec-prefix=/usr --localstatedir=/var --sysconfdir=/etc --docdir=/usr/share/doc/gcc --htmldir=/usr/share/doc/gcc/html -C --build=x86_64-pc-cygwin --host=x86_64-pc-cygwin --target=x86_64-pc-cygwin --without-libiconv-prefix --without-libintl-prefix --libexecdir=/usr/lib --enable-shared --enable-shared-libgcc --enable-static --enable-version-specific-runtime-libs --enable-bootstrap --enable-__cxa_atexit --with-dwarf2 --with-tune=generic --enable-languages=ada,c,c++,fortran,lto,objc,obj-c++ --enable-graphite --enable-threads=posix --enable-libatomic --enable-libcilkrts --enable-libgomp --enable-libitm --enable-libquadmath --enable-libquadmath-support --enable-libssp --enable-libada --enable-libgcj-sublibs --disable-java-awt --disable-symvers --with-ecj-jar=/usr/share/java/ecj.jar --with-gnu-ld --with-gnu-as --with-cloog-include=/usr/include/cloog-isl --without-libiconv-prefix --without-libintl-prefix --with-system-zlib --enable-linker-build-id --with-default-libstdcxx-abi=gcc4-compatible
Thread model: posix
gcc version 5.4.0 (GCC) 
configure:20037: $? = 0
configure:20039: g++ -V </dev/null >&5
g++: error: unrecognized command line option '-V'
g++: fatal error: no input files
compilation terminated.
configure:20042: $? = 1
configure:20045: checking whether we are using the GNU C++ compiler
configure:20101: result: yes
configure:20107: checking whether g++ accepts -g
configure:20158: result: yes
configure:20200: g++ -c -g -O2  conftest.cc >&5
configure:20206: $? = 0
configure:20210: test -z 
			 || test ! -s conftest.err
configure:20213: $? = 0
configure:20216: test -s conftest.o
configure:20219: $? = 0
configure:20245: g++ -c -g -O2  conftest.cc >&5
configure:20251: $? = 0
configure:20255: test -z 
			 || test ! -s conftest.err
configure:20258: $? = 0
configure:20261: test -s conftest.o
configure:20264: $? = 0
configure:20289: checking dependency style of g++
configure:20374: result: gcc3
configure:20404: checking for a BSD-compatible install
configure:20459: result: /usr/bin/install -c
configure:20603: creating ./config.status

## ---------------------- ##
## Running config.status. ##
## ---------------------- ##

This file was extended by config.status, which was
generated by GNU Autoconf 2.59.  Invocation command line was

  CONFIG_FILES    = 
  CONFIG_HEADERS  = 
  CONFIG_LINKS    = 
  CONFIG_COMMANDS = 
  $ ./config.status 

on KangTaesung

config.status:716: creating src/libtricubic/Makefile
config.status:716: creating src/Makefile
config.status:716: creating Makefile
config.status:716: creating man/Makefile
config.status:716: creating doc/Makefile
config.status:820: creating config.h
config.status:1108: executing depfiles commands

## ---------------- ##
## Cache variables. ##
## ---------------- ##

ac_cv_build=i386-pc-linux-gnu
ac_cv_build_alias=i386-pc-linux
ac_cv_c_compiler_gnu=yes
ac_cv_cxx_compiler_gnu=yes
ac_cv_env_CC_set=
ac_cv_env_CC_value=
ac_cv_env_CFLAGS_set=
ac_cv_env_CFLAGS_value=
ac_cv_env_CPPFLAGS_set=
ac_cv_env_CPPFLAGS_value=
ac_cv_env_CPP_set=
ac_cv_env_CPP_value=
ac_cv_env_CXXCPP_set=
ac_cv_env_CXXCPP_value=
ac_cv_env_CXXFLAGS_set=
ac_cv_env_CXXFLAGS_value=
ac_cv_env_CXX_set=
ac_cv_env_CXX_value=
ac_cv_env_F77_set=
ac_cv_env_F77_value=
ac_cv_env_FFLAGS_set=
ac_cv_env_FFLAGS_value=
ac_cv_env_LDFLAGS_set=
ac_cv_env_LDFLAGS_value=
ac_cv_env_build_alias_set=set
ac_cv_env_build_alias_value=i386-pc-linux
ac_cv_env_host_alias_set=
ac_cv_env_host_alias_value=
ac_cv_env_target_alias_set=
ac_cv_env_target_alias_value=
ac_cv_exeext=.exe
ac_cv_f77_compiler_gnu=yes
ac_cv_header_dlfcn_h=yes
ac_cv_header_inttypes_h=yes
ac_cv_header_memory_h=yes
ac_cv_header_stdc=yes
ac_cv_header_stdint_h=yes
ac_cv_header_stdlib_h=yes
ac_cv_header_string_h=yes
ac_cv_header_strings_h=yes
ac_cv_header_sys_stat_h=yes
ac_cv_header_sys_types_h=yes
ac_cv_header_unistd_h=yes
ac_cv_host=i386-pc-linux-gnu
ac_cv_host_alias=i386-pc-linux
ac_cv_objext=o
ac_cv_path_install='/usr/bin/install -c'
ac_cv_prog_AWK=gawk
ac_cv_prog_CPP='gcc -E'
ac_cv_prog_CXXCPP='g++ -E'
ac_cv_prog_ac_ct_AR=ar
ac_cv_prog_ac_ct_CC=gcc
ac_cv_prog_ac_ct_CXX=g++
ac_cv_prog_ac_ct_F77=f95
ac_cv_prog_ac_ct_RANLIB=ranlib
ac_cv_prog_ac_ct_STRIP=strip
ac_cv_prog_cc_g=yes
ac_cv_prog_cc_stdc=
ac_cv_prog_cxx_g=yes
ac_cv_prog_egrep='grep -E'
ac_cv_prog_f77_g=yes
ac_cv_prog_make_make_set=yes
am_cv_CC_dependencies_compiler_type=gcc3
am_cv_CXX_dependencies_compiler_type=gcc3
lt_cv_deplibs_check_method=pass_all
lt_cv_file_magic_cmd='$MAGIC_CMD'
lt_cv_file_magic_test_file='/lib/libc.so* /lib/libc-*.so'
lt_cv_ld_reload_flag=-r
lt_cv_objdir=.libs
lt_cv_path_LD=/usr/bin/ld
lt_cv_path_LDCXX=/usr/bin/ld
lt_cv_path_NM='/usr/bin/nm -B'
lt_cv_path_SED=/usr/bin/sed
lt_cv_prog_compiler_c_o=yes
lt_cv_prog_compiler_c_o_CXX=yes
lt_cv_prog_compiler_c_o_F77=yes
lt_cv_prog_compiler_rtti_exceptions=no
lt_cv_prog_gnu_ld=yes
lt_cv_prog_gnu_ldcxx=yes
lt_cv_sys_global_symbol_pipe='sed -n -e '\''s/^.*[ 	]\([ABCDGIRSTW][ABCDGIRSTW]*\)[ 	][ 	]*\(\)\([_A-Za-z][_A-Za-z0-9]*\)$/\1 \2\3 \3/p'\'''
lt_cv_sys_global_symbol_to_c_name_address='sed -n -e '\''s/^: \([^ ]*\) $/  {\"\1\", (lt_ptr) 0},/p'\'' -e '\''s/^[BCDEGRST] \([^ ]*\) \([^ ]*\)$/  {"\2", (lt_ptr) \&\2},/p'\'''
lt_cv_sys_global_symbol_to_cdecl='sed -n -e '\''s/^. .* \(.*\)$/extern int \1;/p'\'''
lt_cv_sys_max_cmd_len=262144
lt_lt_cv_prog_compiler_c_o='"yes"'
lt_lt_cv_prog_compiler_c_o_CXX='"yes"'
lt_lt_cv_prog_compiler_c_o_F77='"yes"'
lt_lt_cv_sys_global_symbol_pipe='"sed -n -e '\''s/^.*[ 	]\\([ABCDGIRSTW][ABCDGIRSTW]*\\)[ 	][ 	]*\\(\\)\\([_A-Za-z][_A-Za-z0-9]*\\)\$/\\1 \\2\\3 \\3/p'\''"'
lt_lt_cv_sys_global_symbol_to_c_name_address='"sed -n -e '\''s/^: \\([^ ]*\\) \$/  {\\\"\\1\\\", (lt_ptr) 0},/p'\'' -e '\''s/^[BCDEGRST] \\([^ ]*\\) \\([^ ]*\\)\$/  {\"\\2\", (lt_ptr) \\&\\2},/p'\''"'
lt_lt_cv_sys_global_symbol_to_cdecl='"sed -n -e '\''s/^. .* \\(.*\\)\$/extern int \\1;/p'\''"'

## ----------------- ##
## Output variables. ##
## ----------------- ##

ACLOCAL='${SHELL} /cygdrive/c/Users/taeseong/AppData/Roaming/lammps/tools/phonon/tricubic-1.0/missing --run aclocal-1.8'
AMDEPBACKSLASH='\'
AMDEP_FALSE='#'
AMDEP_TRUE=''
AMTAR='${SHELL} /cygdrive/c/Users/taeseong/AppData/Roaming/lammps/tools/phonon/tricubic-1.0/missing --run tar'
AR='ar'
AUTOCONF='${SHELL} /cygdrive/c/Users/taeseong/AppData/Roaming/lammps/tools/phonon/tricubic-1.0/missing --run autoconf'
AUTOHEADER='${SHELL} /cygdrive/c/Users/taeseong/AppData/Roaming/lammps/tools/phonon/tricubic-1.0/missing --run autoheader'
AUTOMAKE='${SHELL} /cygdrive/c/Users/taeseong/AppData/Roaming/lammps/tools/phonon/tricubic-1.0/missing --run automake-1.8'
AWK='gawk'
CC='gcc'
CCDEPMODE='depmode=gcc3'
CFLAGS='-g -O2'
CPP='gcc -E'
CPPFLAGS=''
CXX='g++'
CXXCPP='g++ -E'
CXXDEPMODE='depmode=gcc3'
CXXFLAGS='-g -O2'
CYGPATH_W='cygpath -w'
DEFS='-DHAVE_CONFIG_H'
DEPDIR='.deps'
ECHO='echo'
ECHO_C=''
ECHO_N='-n'
ECHO_T=''
EGREP='grep -E'
EXEEXT='.exe'
F77='f95'
FFLAGS='-g -O2'
INSTALL_DATA='${INSTALL} -m 644'
INSTALL_PROGRAM='${INSTALL}'
INSTALL_SCRIPT='${INSTALL}'
INSTALL_STRIP_PROGRAM='${SHELL} $(install_sh) -c -s'
LDFLAGS=''
LIBOBJS=''
LIBS=''
LIBTOOL='$(SHELL) $(top_builddir)/libtool'
LN_S='ln -s'
LTLIBOBJS=''
MAKEINFO='${SHELL} /cygdrive/c/Users/taeseong/AppData/Roaming/lammps/tools/phonon/tricubic-1.0/missing --run makeinfo'
OBJEXT='o'
PACKAGE='tricubic'
PACKAGE_BUGREPORT=''
PACKAGE_NAME=''
PACKAGE_STRING=''
PACKAGE_TARNAME=''
PACKAGE_VERSION=''
PATH_SEPARATOR=':'
RANLIB='ranlib'
SET_MAKE=''
SHELL='/bin/sh'
STRIP='strip'
VERSION='1.0'
ac_ct_AR='ar'
ac_ct_CC='gcc'
ac_ct_CXX='g++'
ac_ct_F77='f95'
ac_ct_RANLIB='ranlib'
ac_ct_STRIP='strip'
am__fastdepCC_FALSE='#'
am__fastdepCC_TRUE=''
am__fastdepCXX_FALSE='#'
am__fastdepCXX_TRUE=''
am__include='include'
am__leading_dot='.'
am__quote=''
bindir='${exec_prefix}/bin'
build='i386-pc-linux-gnu'
build_alias='i386-pc-linux'
build_cpu='i386'
build_os='linux-gnu'
build_vendor='pc'
datadir='${prefix}/share'
exec_prefix='${prefix}'
host='i386-pc-linux-gnu'
host_alias=''
host_cpu='i386'
host_os='linux-gnu'
host_vendor='pc'
includedir='${prefix}/include'
infodir='${prefix}/info'
install_sh='/cygdrive/c/Users/taeseong/AppData/Roaming/lammps/tools/phonon/tricubic-1.0/install-sh'
libdir='${exec_prefix}/lib'
libexecdir='${exec_prefix}/libexec'
localstatedir='${prefix}/var'
mandir='${prefix}/man'
mkdir_p='mkdir -p -- .'
oldincludedir='/usr/include'
prefix='/usr/local'
program_transform_name='s,x,x,'
sbindir='${exec_prefix}/sbin'
sharedstatedir='${prefix}/com'
sysconfdir='${prefix}/etc'
target_alias=''

## ----------- ##
## confdefs.h. ##
## ----------- ##

#define HAVE_DLFCN_H 1
#define HAVE_INTTYPES_H 1
#define HAVE_MEMORY_H 1
#define HAVE_STDINT_H 1
#define HAVE_STDLIB_H 1
#define HAVE_STRINGS_H 1
#define HAVE_STRING_H 1
#define HAVE_SYS_STAT_H 1
#define HAVE_SYS_TYPES_H 1
#define HAVE_UNISTD_H 1
#define PACKAGE "tricubic"
#define PACKAGE_BUGREPORT ""
#define PACKAGE_NAME ""
#define PACKAGE_STRING ""
#define PACKAGE_TARNAME ""
#define PACKAGE_VERSION ""
#define STDC_HEADERS 1
#define VERSION "1.0"
#endif
#ifdef __cplusplus
extern "C" void exit (int);

configure: exit 0
