This file contains any messages produced by compilers while
running configure, to aid debugging if configure makes a mistake.

It was created by spglib configure 0.7.1, which was
generated by GNU Autoconf 2.63.  Invocation command line was

  $ ./configure 

## --------- ##
## Platform. ##
## --------- ##

hostname = KangTaesung
uname -m = x86_64
uname -r = 2.6.0(0.304/5/3)
uname -s = CYGWIN_NT-10.0
uname -v = 2016-08-31 14:32

/usr/bin/uname -p = unknown
/bin/uname -X     = unknown

/bin/arch              = x86_64
/usr/bin/arch -k       = unknown
/usr/convex/getsysinfo = unknown
/usr/bin/hostinfo      = unknown
/bin/machine           = unknown
/usr/bin/oslevel       = unknown
/bin/universe          = unknown

PATH: /usr/local/bin
PATH: /usr/bin
PATH: /cygdrive/c/Program Files (x86)/Lenovo/FusionEngine
PATH: /cygdrive/c/WINDOWS/system32
PATH: /cygdrive/c/WINDOWS
PATH: /cygdrive/c/WINDOWS/System32/Wbem
PATH: /cygdrive/c/WINDOWS/System32/WindowsPowerShell/v1.0
PATH: /cygdrive/c/Program Files (x86)/ATI Technologies/ATI.ACE/Core-Static
PATH: /cygdrive/c/Program Files (x86)/Common Files/lenovo/easyplussdk/bin
PATH: /cygdrive/c/Program Files (x86)/Windows Kits/8.1/Windows Performance Toolkit
PATH: /cygdrive/c/Program Files/Microsoft SQL Server/110/Tools/Binn
PATH: /cygdrive/c/Program Files (x86)/Microsoft SDKs/TypeScript/1.0
PATH: /cygdrive/c/Program Files/MATLAB/R2010a/runtime/win64
PATH: /cygdrive/c/Program Files/MATLAB/R2010a/bin
PATH: /cygdrive/c/OrCAD/OrCAD_16.5_Lite/OpenAccess/bin/win32/opt
PATH: /cygdrive/c/OrCAD/OrCAD_16.5_Lite/tools/pcb/bin
PATH: /cygdrive/c/OrCAD/OrCAD_16.5_Lite/tools/fet/bin
PATH: /cygdrive/c/OrCAD/OrCAD_16.5_Lite/tools/Capture
PATH: /cygdrive/c/OrCAD/OrCAD_16.5_Lite/tools/PSpice/Library
PATH: /cygdrive/c/OrCAD/OrCAD_16.5_Lite/tools/PSpice
PATH: /cygdrive/c/OrCAD/OrCAD_16.5_Lite/tools/specctra/bin
PATH: /cygdrive/c/OrCAD/OrCAD_16.5_Lite/tools/bin
PATH: /cygdrive/c/OrCAD/OrCAD_16.5_Lite/tools/libutil/bin
PATH: /cygdrive/c/Program Files/LAMMPS 64-bit 20160512/bin
PATH: /cygdrive/c/Program Files/MPICH2/bin
PATH: /cygdrive/c/Program Files/LAMMPS 64-bit 20160520/bin
PATH: /cygdrive/c/Users/taeseong/LAMMPS 64-bit 20160520/bin
PATH: /cygdrive/c/Users/taeseong/AppData/Local/Microsoft/WindowsApps
PATH: /usr/lib/lapack


## ----------- ##
## Core tests. ##
## ----------- ##

configure:2065: checking for a BSD-compatible install
configure:2133: result: /usr/bin/install -c
configure:2144: checking whether build environment is sane
configure:2187: result: yes
configure:2212: checking for a thread-safe mkdir -p
configure:2251: result: /usr/bin/mkdir -p
configure:2264: checking for gawk
configure:2280: found /usr/bin/gawk
configure:2291: result: gawk
configure:2302: checking whether make sets $(MAKE)
configure:2324: result: yes
configure:2562: checking for gcc
configure:2578: found /usr/bin/gcc
configure:2589: result: gcc
configure:2821: checking for C compiler version
configure:2829: gcc --version >&5
gcc (GCC) 5.4.0
Copyright (C) 2015 Free Software Foundation, Inc.
This is free software; see the source for copying conditions.  There is NO
warranty; not even for MERCHANTABILITY or FITNESS FOR A PARTICULAR PURPOSE.

configure:2833: $? = 0
configure:2840: gcc -v >&5
Using built-in specs.
COLLECT_GCC=gcc
COLLECT_LTO_WRAPPER=/usr/lib/gcc/x86_64-pc-cygwin/5.4.0/lto-wrapper.exe
Target: x86_64-pc-cygwin
Configured with: /cygdrive/i/szsz/tmpp/gcc/gcc-5.4.0-1.x86_64/src/gcc-5.4.0/configure --srcdir=/cygdrive/i/szsz/tmpp/gcc/gcc-5.4.0-1.x86_64/src/gcc-5.4.0 --prefix=/usr --exec-prefix=/usr --localstatedir=/var --sysconfdir=/etc --docdir=/usr/share/doc/gcc --htmldir=/usr/share/doc/gcc/html -C --build=x86_64-pc-cygwin --host=x86_64-pc-cygwin --target=x86_64-pc-cygwin --without-libiconv-prefix --without-libintl-prefix --libexecdir=/usr/lib --enable-shared --enable-shared-libgcc --enable-static --enable-version-specific-runtime-libs --enable-bootstrap --enable-__cxa_atexit --with-dwarf2 --with-tune=generic --enable-languages=ada,c,c++,fortran,lto,objc,obj-c++ --enable-graphite --enable-threads=posix --enable-libatomic --enable-libcilkrts --enable-libgomp --enable-libitm --enable-libquadmath --enable-libquadmath-support --enable-libssp --enable-libada --enable-libgcj-sublibs --disable-java-awt --disable-symvers --with-ecj-jar=/usr/share/java/ecj.jar --with-gnu-ld --with-gnu-as --with-cloog-include=/usr/include/cloog-isl --without-libiconv-prefix --without-libintl-prefix --with-system-zlib --enable-linker-build-id --with-default-libstdcxx-abi=gcc4-compatible
Thread model: posix
gcc version 5.4.0 (GCC) 
configure:2844: $? = 0
configure:2851: gcc -V >&5
gcc: error: unrecognized command line option '-V'
gcc: fatal error: no input files
compilation terminated.
configure:2855: $? = 1
configure:2878: checking for C compiler default output file name
configure:2900: gcc    conftest.c  >&5
configure:2904: $? = 0
configure:2942: result: a.exe
configure:2961: checking whether the C compiler works
configure:2971: ./a.exe
configure:2975: $? = 0
configure:2994: result: yes
configure:3001: checking whether we are cross compiling
configure:3003: result: no
configure:3006: checking for suffix of executables
configure:3013: gcc -o conftest.exe    conftest.c  >&5
configure:3017: $? = 0
configure:3043: result: .exe
configure:3049: checking for suffix of object files
configure:3075: gcc -c   conftest.c >&5
configure:3079: $? = 0
configure:3104: result: o
configure:3108: checking whether we are using the GNU C compiler
configure:3137: gcc -c   conftest.c >&5
configure:3144: $? = 0
configure:3161: result: yes
configure:3170: checking whether gcc accepts -g
configure:3200: gcc -c -g  conftest.c >&5
configure:3207: $? = 0
configure:3308: result: yes
configure:3325: checking for gcc option to accept ISO C89
configure:3399: gcc  -c -g -O2  conftest.c >&5
configure:3406: $? = 0
configure:3429: result: none needed
configure:3458: checking for style of include used by make
configure:3486: result: GNU
configure:3511: checking dependency style of gcc
configure:3602: result: gcc3
configure:3619: checking whether gcc and cc understand -c and -o together
configure:3654: gcc -c conftest.c -o conftest2.o >&5
configure:3658: $? = 0
configure:3664: gcc -c conftest.c -o conftest2.o >&5
configure:3668: $? = 0
configure:3679: cc -c conftest.c >&5
configure:3683: $? = 0
configure:3691: cc -c conftest.c -o conftest2.o >&5
configure:3695: $? = 0
configure:3701: cc -c conftest.c -o conftest2.o >&5
configure:3705: $? = 0
configure:3723: result: yes
configure:3781: checking build system type
configure:3799: result: x86_64-unknown-cygwin
configure:3821: checking host system type
configure:3836: result: x86_64-unknown-cygwin
configure:3858: checking for a sed that does not truncate output
configure:3924: result: /usr/bin/sed
configure:3942: checking for grep that handles long lines and -e
configure:4002: result: /usr/bin/grep
configure:4007: checking for egrep
configure:4071: result: /usr/bin/grep -E
configure:4076: checking for fgrep
configure:4140: result: /usr/bin/grep -F
configure:4175: checking for ld used by gcc
configure:4242: result: /usr/bin/ld
configure:4251: checking if the linker (/usr/bin/ld) is GNU ld
configure:4266: result: yes
configure:4278: checking for BSD- or MS-compatible name lister (nm)
configure:4327: result: /usr/bin/nm -B
configure:4445: checking the name lister (/usr/bin/nm -B) interface
configure:4452: gcc -c -g -O2  conftest.c >&5
configure:4455: /usr/bin/nm -B "conftest.o"
configure:4458: output
0000000000000000 b .bss
0000000000000000 d .data
0000000000000000 N .debug_abbrev
0000000000000000 N .debug_aranges
0000000000000000 N .debug_info
0000000000000000 N .debug_line
0000000000000000 r .rdata$zzz
0000000000000000 t .text
0000000000000000 B some_variable
configure:4465: result: BSD nm
configure:4468: checking whether ln -s works
configure:4472: result: yes
configure:4480: checking the maximum length of command line arguments
configure:4600: result: 8192
configure:4617: checking whether the shell understands some XSI constructs
configure:4627: result: yes
configure:4631: checking whether the shell understands "+="
configure:4637: result: yes
configure:4672: checking for /usr/bin/ld option to reload object files
configure:4679: result: -r
configure:4748: checking for objdump
configure:4764: found /usr/bin/objdump
configure:4775: result: objdump
configure:4807: checking how to recognize dependent libraries
configure:5003: result: file_magic ^x86 archive import|^x86 DLL
configure:5063: checking for ar
configure:5079: found /usr/bin/ar
configure:5090: result: ar
configure:5168: checking for strip
configure:5184: found /usr/bin/strip
configure:5195: result: strip
configure:5267: checking for ranlib
configure:5283: found /usr/bin/ranlib
configure:5294: result: ranlib
configure:5384: checking command to parse /usr/bin/nm -B output from gcc object
configure:5502: gcc -c -g -O2  conftest.c >&5
configure:5505: $? = 0
configure:5509: /usr/bin/nm -B conftest.o \| sed -n -e 's/^.*[	 ]\([ABCDGIRSTW][ABCDGIRSTW]*\)[	 ][	 ]*\([_A-Za-z][_A-Za-z0-9]*\)$/\1 \2 \2/p' \> conftest.nm
configure:5512: $? = 0
configure:5566: gcc -o conftest.exe -g -O2   conftest.c conftstm.o >&5
configure:5569: $? = 0
configure:5607: result: ok
configure:6474: checking how to run the C preprocessor
configure:6514: gcc -E  conftest.c
configure:6521: $? = 0
configure:6552: gcc -E  conftest.c
conftest.c:10:28: fatal error: ac_nonexistent.h: No such file or directory
compilation terminated.
configure:6559: $? = 1
configure: failed program was:
| /* confdefs.h.  */
| #define PACKAGE_NAME "spglib"
| #define PACKAGE_TARNAME "spglib"
| #define PACKAGE_VERSION "0.7.1"
| #define PACKAGE_STRING "spglib 0.7.1"
| #define PACKAGE_BUGREPORT "atz.togo@gmail.com"
| #define PACKAGE "spglib"
| #define VERSION "0.7.1"
| /* end confdefs.h.  */
| #include <ac_nonexistent.h>
configure:6592: result: gcc -E
configure:6621: gcc -E  conftest.c
configure:6628: $? = 0
configure:6659: gcc -E  conftest.c
conftest.c:10:28: fatal error: ac_nonexistent.h: No such file or directory
compilation terminated.
configure:6666: $? = 1
configure: failed program was:
| /* confdefs.h.  */
| #define PACKAGE_NAME "spglib"
| #define PACKAGE_TARNAME "spglib"
| #define PACKAGE_VERSION "0.7.1"
| #define PACKAGE_STRING "spglib 0.7.1"
| #define PACKAGE_BUGREPORT "atz.togo@gmail.com"
| #define PACKAGE "spglib"
| #define VERSION "0.7.1"
| /* end confdefs.h.  */
| #include <ac_nonexistent.h>
configure:6706: checking for ANSI C header files
configure:6736: gcc -c -g -O2  conftest.c >&5
configure:6743: $? = 0
configure:6842: gcc -o conftest.exe -g -O2   conftest.c  >&5
configure:6846: $? = 0
configure:6852: ./conftest.exe
configure:6856: $? = 0
configure:6874: result: yes
configure:6898: checking for sys/types.h
configure:6919: gcc -c -g -O2  conftest.c >&5
configure:6926: $? = 0
configure:6943: result: yes
configure:6898: checking for sys/stat.h
configure:6919: gcc -c -g -O2  conftest.c >&5
configure:6926: $? = 0
configure:6943: result: yes
configure:6898: checking for stdlib.h
configure:6919: gcc -c -g -O2  conftest.c >&5
configure:6926: $? = 0
configure:6943: result: yes
configure:6898: checking for string.h
configure:6919: gcc -c -g -O2  conftest.c >&5
configure:6926: $? = 0
configure:6943: result: yes
configure:6898: checking for memory.h
configure:6919: gcc -c -g -O2  conftest.c >&5
configure:6926: $? = 0
configure:6943: result: yes
configure:6898: checking for strings.h
configure:6919: gcc -c -g -O2  conftest.c >&5
configure:6926: $? = 0
configure:6943: result: yes
configure:6898: checking for inttypes.h
configure:6919: gcc -c -g -O2  conftest.c >&5
configure:6926: $? = 0
configure:6943: result: yes
configure:6898: checking for stdint.h
configure:6919: gcc -c -g -O2  conftest.c >&5
configure:6926: $? = 0
configure:6943: result: yes
configure:6898: checking for unistd.h
configure:6919: gcc -c -g -O2  conftest.c >&5
configure:6926: $? = 0
configure:6943: result: yes
configure:6961: checking for dlfcn.h
configure:6982: gcc -c -g -O2  conftest.c >&5
configure:6989: $? = 0
configure:7006: result: yes
configure:7192: checking for objdir
configure:7207: result: .libs
configure:7499: checking if gcc supports -fno-rtti -fno-exceptions
configure:7517: gcc -c -g -O2  -fno-rtti -fno-exceptions conftest.c >&5
cc1: warning: command line option '-fno-rtti' is valid for C++/ObjC++ but not for C
configure:7521: $? = 0
configure:7534: result: no
configure:7554: checking for gcc option to produce PIC
configure:7826: result: -DDLL_EXPORT -DPIC
configure:7838: checking if gcc PIC flag -DDLL_EXPORT -DPIC works
configure:7856: gcc -c -g -O2  -DDLL_EXPORT -DPIC -DPIC conftest.c >&5
configure:7860: $? = 0
configure:7873: result: yes
configure:7897: checking if gcc static flag -static works
configure:7925: result: yes
configure:7940: checking if gcc supports -c -o file.o
configure:7961: gcc -c -g -O2  -o out/conftest2.o conftest.c >&5
configure:7965: $? = 0
configure:7987: result: yes
configure:7995: checking if gcc supports -c -o file.o
configure:8042: result: yes
configure:8075: checking whether the gcc linker (/usr/bin/ld) supports shared libraries
configure:9150: result: yes
configure:9187: checking whether -lc should be explicitly linked in
configure:9192: gcc -c -g -O2  conftest.c >&5
configure:9195: $? = 0
configure:9210: gcc -shared conftest.o  -v -o ./conftest -Wl,--enable-auto-image-base -Xlinker --out-implib -Xlinker conftest 2\>\&1 \| /usr/bin/grep  -lc  \>/dev/null 2\>\&1
configure:9213: $? = 1
configure:9225: result: yes
configure:9389: checking dynamic linker characteristics
configure:10084: result: Win32 ld.exe
configure:10186: checking how to hardcode library paths into programs
configure:10211: result: immediate
configure:11044: checking whether stripping libraries is possible
configure:11049: result: yes
configure:11084: checking if libtool supports shared libraries
configure:11086: result: yes
configure:11089: checking whether to build shared libraries
configure:11110: result: yes
configure:11113: checking whether to build static libraries
configure:11117: result: yes
configure:11156: checking for ANSI C header files
configure:11324: result: yes
configure:11340: checking for stdlib.h
configure:11347: result: yes
configure:11340: checking for string.h
configure:11347: result: yes
configure:11501: checking for an ANSI C-conforming const
configure:11576: gcc -c -g -O2  conftest.c >&5
configure:11583: $? = 0
configure:11598: result: yes
configure:11615: checking for stdlib.h
configure:11622: result: yes
configure:11761: checking for GNU libc compatible malloc
configure:11795: gcc -o conftest.exe -g -O2   conftest.c  >&5
configure:11799: $? = 0
configure:11805: ./conftest.exe
configure:11809: $? = 0
configure:11826: result: yes
configure:11976: creating ./config.status

## ---------------------- ##
## Running config.status. ##
## ---------------------- ##

This file was extended by spglib config.status 0.7.1, which was
generated by GNU Autoconf 2.63.  Invocation command line was

  CONFIG_FILES    = 
  CONFIG_HEADERS  = 
  CONFIG_LINKS    = 
  CONFIG_COMMANDS = 
  $ ./config.status 

on KangTaesung

config.status:1000: creating Makefile
config.status:1000: creating src/Makefile
config.status:1000: creating config.h
config.status:1274: executing depfiles commands
config.status:1274: executing libtool commands

## ---------------- ##
## Cache variables. ##
## ---------------- ##

ac_cv_build=x86_64-unknown-cygwin
ac_cv_c_compiler_gnu=yes
ac_cv_c_const=yes
ac_cv_env_CC_set=
ac_cv_env_CC_value=
ac_cv_env_CFLAGS_set=
ac_cv_env_CFLAGS_value=
ac_cv_env_CPPFLAGS_set=
ac_cv_env_CPPFLAGS_value=
ac_cv_env_CPP_set=
ac_cv_env_CPP_value=
ac_cv_env_LDFLAGS_set=
ac_cv_env_LDFLAGS_value=
ac_cv_env_LIBS_set=
ac_cv_env_LIBS_value=
ac_cv_env_build_alias_set=
ac_cv_env_build_alias_value=
ac_cv_env_host_alias_set=
ac_cv_env_host_alias_value=
ac_cv_env_target_alias_set=
ac_cv_env_target_alias_value=
ac_cv_exeext=.exe
ac_cv_func_malloc_0_nonnull=yes
ac_cv_header_dlfcn_h=yes
ac_cv_header_inttypes_h=yes
ac_cv_header_memory_h=yes
ac_cv_header_stdc=yes
ac_cv_header_stdint_h=yes
ac_cv_header_stdlib_h=yes
ac_cv_header_string_h=yes
ac_cv_header_strings_h=yes
ac_cv_header_sys_stat_h=yes
ac_cv_header_sys_types_h=yes
ac_cv_header_unistd_h=yes
ac_cv_host=x86_64-unknown-cygwin
ac_cv_objext=o
ac_cv_path_EGREP='/usr/bin/grep -E'
ac_cv_path_FGREP='/usr/bin/grep -F'
ac_cv_path_GREP=/usr/bin/grep
ac_cv_path_SED=/usr/bin/sed
ac_cv_path_install='/usr/bin/install -c'
ac_cv_path_mkdir=/usr/bin/mkdir
ac_cv_prog_AWK=gawk
ac_cv_prog_CPP='gcc -E'
ac_cv_prog_ac_ct_AR=ar
ac_cv_prog_ac_ct_CC=gcc
ac_cv_prog_ac_ct_OBJDUMP=objdump
ac_cv_prog_ac_ct_RANLIB=ranlib
ac_cv_prog_ac_ct_STRIP=strip
ac_cv_prog_cc_c89=
ac_cv_prog_cc_g=yes
ac_cv_prog_cc_gcc_c_o=yes
ac_cv_prog_make_make_set=yes
am_cv_CC_dependencies_compiler_type=gcc3
lt_cv_deplibs_check_method='file_magic ^x86 archive import|^x86 DLL'
lt_cv_file_magic_cmd=func_win32_libid
lt_cv_file_magic_test_file=
lt_cv_ld_reload_flag=-r
lt_cv_nm_interface='BSD nm'
lt_cv_objdir=.libs
lt_cv_path_LD=/usr/bin/ld
lt_cv_path_NM='/usr/bin/nm -B'
lt_cv_prog_compiler_c_o=yes
lt_cv_prog_compiler_pic_works=yes
lt_cv_prog_compiler_rtti_exceptions=no
lt_cv_prog_compiler_static_works=yes
lt_cv_prog_gnu_ld=yes
lt_cv_sys_global_symbol_pipe='sed -n -e '\''s/^.*[	 ]\([ABCDGIRSTW][ABCDGIRSTW]*\)[	 ][	 ]*\([_A-Za-z][_A-Za-z0-9]*\)$/\1 \2 \2/p'\'''
lt_cv_sys_global_symbol_to_c_name_address='sed -n -e '\''s/^: \([^ ]*\) $/  {\"\1\", (void *) 0},/p'\'' -e '\''s/^[ABCDGIRSTW]* \([^ ]*\) \([^ ]*\)$/  {"\2", (void *) \&\2},/p'\'''
lt_cv_sys_global_symbol_to_c_name_address_lib_prefix='sed -n -e '\''s/^: \([^ ]*\) $/  {\"\1\", (void *) 0},/p'\'' -e '\''s/^[ABCDGIRSTW]* \([^ ]*\) \(lib[^ ]*\)$/  {"\2", (void *) \&\2},/p'\'' -e '\''s/^[ABCDGIRSTW]* \([^ ]*\) \([^ ]*\)$/  {"lib\2", (void *) \&\2},/p'\'''
lt_cv_sys_global_symbol_to_cdecl='sed -n -e '\''s/^T .* \(.*\)$/extern int \1();/p'\'' -e '\''s/^[ABCDGIRSTW]* .* \(.*\)$/extern char \1;/p'\'''
lt_cv_sys_max_cmd_len=8192

## ----------------- ##
## Output variables. ##
## ----------------- ##

ACLOCAL='${SHELL} /cygdrive/c/Users/taeseong/AppData/Roaming/lammps/tools/phonon/spglib-0.7.1/missing --run aclocal-1.10'
AMDEPBACKSLASH='\'
AMDEP_FALSE='#'
AMDEP_TRUE=''
AMTAR='${SHELL} /cygdrive/c/Users/taeseong/AppData/Roaming/lammps/tools/phonon/spglib-0.7.1/missing --run tar'
AR='ar'
AUTOCONF='${SHELL} /cygdrive/c/Users/taeseong/AppData/Roaming/lammps/tools/phonon/spglib-0.7.1/missing --run autoconf'
AUTOHEADER='${SHELL} /cygdrive/c/Users/taeseong/AppData/Roaming/lammps/tools/phonon/spglib-0.7.1/missing --run autoheader'
AUTOMAKE='${SHELL} /cygdrive/c/Users/taeseong/AppData/Roaming/lammps/tools/phonon/spglib-0.7.1/missing --run automake-1.10'
AWK='gawk'
CC='gcc'
CCDEPMODE='depmode=gcc3'
CFLAGS='-g -O2'
CPP='gcc -E'
CPPFLAGS=''
CYGPATH_W='cygpath -w'
DEFS='-DHAVE_CONFIG_H'
DEPDIR='.deps'
DSYMUTIL=''
DUMPBIN=''
ECHO_C=''
ECHO_N='-n'
ECHO_T=''
EGREP='/usr/bin/grep -E'
EXEEXT='.exe'
FGREP='/usr/bin/grep -F'
GREP='/usr/bin/grep'
INSTALL_DATA='${INSTALL} -m 644'
INSTALL_PROGRAM='${INSTALL}'
INSTALL_SCRIPT='${INSTALL}'
INSTALL_STRIP_PROGRAM='$(install_sh) -c -s'
LD='/usr/bin/ld'
LDFLAGS=''
LIBOBJS=''
LIBS=''
LIBTOOL='$(SHELL) $(top_builddir)/libtool'
LIPO=''
LN_S='ln -s'
LTLIBOBJS=''
MAKEINFO='${SHELL} /cygdrive/c/Users/taeseong/AppData/Roaming/lammps/tools/phonon/spglib-0.7.1/missing --run makeinfo'
MKDIR_P='/usr/bin/mkdir -p'
NM='/usr/bin/nm -B'
NMEDIT=''
OBJDUMP='objdump'
OBJEXT='o'
OTOOL64=''
OTOOL=''
PACKAGE='spglib'
PACKAGE_BUGREPORT='atz.togo@gmail.com'
PACKAGE_NAME='spglib'
PACKAGE_STRING='spglib 0.7.1'
PACKAGE_TARNAME='spglib'
PACKAGE_VERSION='0.7.1'
PATH_SEPARATOR=':'
RANLIB='ranlib'
SED='/usr/bin/sed'
SET_MAKE=''
SHELL='/bin/sh'
STRIP='strip'
VERSION='0.7.1'
ac_ct_CC='gcc'
ac_ct_DUMPBIN=''
am__fastdepCC_FALSE='#'
am__fastdepCC_TRUE=''
am__include='include'
am__isrc=''
am__leading_dot='.'
am__quote=''
am__tar='${AMTAR} chof - "$$tardir"'
am__untar='${AMTAR} xf -'
bindir='${exec_prefix}/bin'
build='x86_64-unknown-cygwin'
build_alias=''
build_cpu='x86_64'
build_os='cygwin'
build_vendor='unknown'
datadir='${datarootdir}'
datarootdir='${prefix}/share'
docdir='${datarootdir}/doc/${PACKAGE_TARNAME}'
dvidir='${docdir}'
exec_prefix='${prefix}'
host='x86_64-unknown-cygwin'
host_alias=''
host_cpu='x86_64'
host_os='cygwin'
host_vendor='unknown'
htmldir='${docdir}'
includedir='${prefix}/include'
infodir='${datarootdir}/info'
install_sh='$(SHELL) /cygdrive/c/Users/taeseong/AppData/Roaming/lammps/tools/phonon/spglib-0.7.1/install-sh'
libdir='${exec_prefix}/lib'
libexecdir='${exec_prefix}/libexec'
localedir='${datarootdir}/locale'
localstatedir='${prefix}/var'
lt_ECHO='echo'
mandir='${datarootdir}/man'
mkdir_p='/usr/bin/mkdir -p'
oldincludedir='/usr/include'
pdfdir='${docdir}'
prefix='/usr/local'
program_transform_name='s,x,x,'
psdir='${docdir}'
sbindir='${exec_prefix}/sbin'
sharedstatedir='${prefix}/com'
sysconfdir='${prefix}/etc'
target_alias=''

## ----------- ##
## confdefs.h. ##
## ----------- ##

#define PACKAGE_NAME "spglib"
#define PACKAGE_TARNAME "spglib"
#define PACKAGE_VERSION "0.7.1"
#define PACKAGE_STRING "spglib 0.7.1"
#define PACKAGE_BUGREPORT "atz.togo@gmail.com"
#define PACKAGE "spglib"
#define VERSION "0.7.1"
#define STDC_HEADERS 1
#define HAVE_SYS_TYPES_H 1
#define HAVE_SYS_STAT_H 1
#define HAVE_STDLIB_H 1
#define HAVE_STRING_H 1
#define HAVE_MEMORY_H 1
#define HAVE_STRINGS_H 1
#define HAVE_INTTYPES_H 1
#define HAVE_STDINT_H 1
#define HAVE_UNISTD_H 1
#define HAVE_DLFCN_H 1
#define LT_OBJDIR ".libs/"
#define STDC_HEADERS 1
#define HAVE_STDLIB_H 1
#define HAVE_STRING_H 1
#define HAVE_STDLIB_H 1
#define HAVE_MALLOC 1

configure: exit 0
